1615408135437	geckodriver	INFO	Listening on 127.0.0.1:57092
1615408138459	mozrunner::runner	INFO	Running command: "C:\\Program Files\\Mozilla Firefox\\firefox.exe" "--marionette" "-foreground" "-no-remote" "-profile" "C:\\Users\\VIETAN~1\\AppData\\Local\\Temp\\rust_mozprofile8xvnIo"
console.warn: SearchSettings: "get: No settings file exists, new profile?" (new Error("", "(unknown module)"))
1615408141756	Marionette	INFO	Listening on port 57102
1615408142090	Marionette	WARN	TLS certificate errors will be ignored for this session
1615408146362	Marionette	INFO	Stopped listening on port 57102

###!!! [Child][RunMessage] Error: Channel closing: too late to send/recv, messages will be lost

1615409691324	geckodriver	INFO	Listening on 127.0.0.1:58014
1615409694364	mozrunner::runner	INFO	Running command: "C:\\Program Files\\Mozilla Firefox\\firefox.exe" "--marionette" "-foreground" "-no-remote" "-profile" "C:\\Users\\VIETAN~1\\AppData\\Local\\Temp\\rust_mozprofilegGzxoE"
console.warn: SearchSettings: "get: No settings file exists, new profile?" (new Error("", "(unknown module)"))
1615409697620	Marionette	INFO	Listening on port 58022
1615409697992	Marionette	WARN	TLS certificate errors will be ignored for this session
console.warn: LoginRecipes: "getRecipes: falling back to a synchronous message for:" "https://www.flaschenpost.de"
console.warn: LoginRecipes: "getRecipes: falling back to a synchronous message for:" "https://www.flaschenpost.de"
1615409926690	Marionette	INFO	Stopped listening on port 58022
1615409931098	geckodriver	INFO	Listening on 127.0.0.1:58279
1615409934117	mozrunner::runner	INFO	Running command: "C:\\Program Files\\Mozilla Firefox\\firefox.exe" "--marionette" "-foreground" "-no-remote" "-profile" "C:\\Users\\VIETAN~1\\AppData\\Local\\Temp\\rust_mozprofileOSYep6"
console.warn: SearchSettings: "get: No settings file exists, new profile?" (new Error("", "(unknown module)"))
1615409937414	Marionette	INFO	Listening on port 58289
1615409937762	Marionette	WARN	TLS certificate errors will be ignored for this session
1615409956841	geckodriver	INFO	Listening on 127.0.0.1:58389
1615409959881	mozrunner::runner	INFO	Running command: "C:\\Program Files\\Mozilla Firefox\\firefox.exe" "--marionette" "-foreground" "-no-remote" "-profile" "C:\\Users\\VIETAN~1\\AppData\\Local\\Temp\\rust_mozprofileQpdxB7"
console.warn: SearchSettings: "get: No settings file exists, new profile?" (new Error("", "(unknown module)"))
1615409963049	Marionette	INFO	Listening on port 58400
1615409963522	Marionette	WARN	TLS certificate errors will be ignored for this session
console.warn: LoginRecipes: "getRecipes: falling back to a synchronous message for:" "https://www.flaschenpost.de"
1615410438371	geckodriver	INFO	Listening on 127.0.0.1:58801
1615410441432	mozrunner::runner	INFO	Running command: "C:\\Program Files\\Mozilla Firefox\\firefox.exe" "--marionette" "-foreground" "-no-remote" "-profile" "C:\\Users\\VIETAN~1\\AppData\\Local\\Temp\\rust_mozprofilehxed8B"
console.warn: SearchSettings: "get: No settings file exists, new profile?" (new Error("", "(unknown module)"))
1615410444310	Marionette	INFO	Listening on port 58809
1615410444563	Marionette	WARN	TLS certificate errors will be ignored for this session
1615410771863	geckodriver	INFO	Listening on 127.0.0.1:59144
1615410774904	mozrunner::runner	INFO	Running command: "C:\\Program Files\\Mozilla Firefox\\firefox.exe" "--marionette" "-foreground" "-no-remote" "-profile" "C:\\Users\\VIETAN~1\\AppData\\Local\\Temp\\rust_mozprofile80QCom"
console.warn: SearchSettings: "get: No settings file exists, new profile?" (new Error("", "(unknown module)"))
1615410777973	Marionette	INFO	Listening on port 59153
1615410778036	Marionette	WARN	TLS certificate errors will be ignored for this session
1615410944269	geckodriver	INFO	Listening on 127.0.0.1:59337
1615410947296	mozrunner::runner	INFO	Running command: "C:\\Program Files\\Mozilla Firefox\\firefox.exe" "--marionette" "-foreground" "-no-remote" "-profile" "C:\\Users\\VIETAN~1\\AppData\\Local\\Temp\\rust_mozprofileBlqyG5"
console.warn: SearchSettings: "get: No settings file exists, new profile?" (new Error("", "(unknown module)"))
1615410950328	Marionette	INFO	Listening on port 59349
1615410950446	Marionette	WARN	TLS certificate errors will be ignored for this session
JavaScript error: https://www.flaschenpost.de/js/fp.bundle.min.js?v=gJypFSKJbEU-Lis0TS9jW5OOoEBTkckZHxGINSY5-b4, line 1: TypeError: window.dataLayer is undefined

###!!! [Child][MessageChannel] Error: (msgtype=0x5B0009,name=PHttpChannel::Msg_DeletingChannel) Channel closing: too late to send/recv, messages will be lost

1615410960010	Marionette	INFO	Stopped listening on port 59349
1615410984955	geckodriver	INFO	Listening on 127.0.0.1:59459
1615410987996	mozrunner::runner	INFO	Running command: "C:\\Program Files\\Mozilla Firefox\\firefox.exe" "--marionette" "-foreground" "-no-remote" "-profile" "C:\\Users\\VIETAN~1\\AppData\\Local\\Temp\\rust_mozprofileUEiHPA"
console.warn: SearchSettings: "get: No settings file exists, new profile?" (new Error("", "(unknown module)"))
1615410991086	Marionette	INFO	Listening on port 59470
1615410991131	Marionette	WARN	TLS certificate errors will be ignored for this session
1615411434852	geckodriver	INFO	Listening on 127.0.0.1:59792
1615411437903	mozrunner::runner	INFO	Running command: "C:\\Program Files\\Mozilla Firefox\\firefox.exe" "--marionette" "-foreground" "-no-remote" "-profile" "C:\\Users\\VIETAN~1\\AppData\\Local\\Temp\\rust_mozprofileGadlye"
console.warn: SearchSettings: "get: No settings file exists, new profile?" (new Error("", "(unknown module)"))
1615411440893	Marionette	INFO	Listening on port 59800
1615411441053	Marionette	WARN	TLS certificate errors will be ignored for this session
console.log: WebExtensions: reset-default-search: No addons in our list are installed.
1615412575995	geckodriver	INFO	Listening on 127.0.0.1:60602
1615412579033	mozrunner::runner	INFO	Running command: "C:\\Program Files\\Mozilla Firefox\\firefox.exe" "--marionette" "-foreground" "-no-remote" "-profile" "C:\\Users\\VIETAN~1\\AppData\\Local\\Temp\\rust_mozprofileLoqz36"
console.warn: SearchSettings: "get: No settings file exists, new profile?" (new Error("", "(unknown module)"))
1615412582023	Marionette	INFO	Listening on port 60614
1615412582162	Marionette	WARN	TLS certificate errors will be ignored for this session

###!!! [Child][MessageChannel] Error: (msgtype=0x5B0008,name=PHttpChannel::Msg_RemoveCorsPreflightCacheEntry) Channel closing: too late to send/recv, messages will be lost


###!!! [Child][MessageChannel] Error: (msgtype=0x5B0009,name=PHttpChannel::Msg_DeletingChannel) Channel closing: too late to send/recv, messages will be lost

1615412834471	Marionette	INFO	Stopped listening on port 60614

###!!! [Child][RunMessage] Error: Channel closing: too late to send/recv, messages will be lost

1615413989531	geckodriver	INFO	Listening on 127.0.0.1:61810
1615413992556	mozrunner::runner	INFO	Running command: "C:\\Program Files\\Mozilla Firefox\\firefox.exe" "--marionette" "-foreground" "-no-remote" "-profile" "C:\\Users\\VIETAN~1\\AppData\\Local\\Temp\\rust_mozprofilecCrZjk"
*** You are running in headless mode.
console.warn: SearchSettings: "get: No settings file exists, new profile?" (new Error("", "(unknown module)"))
1615413994410	Marionette	INFO	Listening on port 61818
1615413994587	Marionette	WARN	TLS certificate errors will be ignored for this session
1615413999820	Marionette	INFO	Stopped listening on port 61818
JavaScript error: https://www.googletagmanager.com/gtm.js?id=GTM-WSW2TBW, line 1431: NS_ERROR_NOT_INITIALIZED: 
1615414109272	geckodriver	INFO	Listening on 127.0.0.1:61957
1615414112308	mozrunner::runner	INFO	Running command: "C:\\Program Files\\Mozilla Firefox\\firefox.exe" "--marionette" "-foreground" "-no-remote" "-profile" "C:\\Users\\VIETAN~1\\AppData\\Local\\Temp\\rust_mozprofile7uyUOB"
*** You are running in headless mode.
console.warn: SearchSettings: "get: No settings file exists, new profile?" (new Error("", "(unknown module)"))
1615414114213	Marionette	INFO	Listening on port 61965
1615414114344	Marionette	WARN	TLS certificate errors will be ignored for this session
JavaScript error: https://www.flaschenpost.de/js/fp.bundle.min.js?v=gJypFSKJbEU-Lis0TS9jW5OOoEBTkckZHxGINSY5-b4, line 1: TypeError: window.dataLayer is undefined
1615414116684	Marionette	INFO	Stopped listening on port 61965
1615414143644	geckodriver	INFO	Listening on 127.0.0.1:62059
1615414146669	mozrunner::runner	INFO	Running command: "C:\\Program Files\\Mozilla Firefox\\firefox.exe" "--marionette" "-foreground" "-no-remote" "-profile" "C:\\Users\\VIETAN~1\\AppData\\Local\\Temp\\rust_mozprofileytjtdT"
*** You are running in headless mode.
console.warn: SearchSettings: "get: No settings file exists, new profile?" (new Error("", "(unknown module)"))
1615414148528	Marionette	INFO	Listening on port 62067
1615414148695	Marionette	WARN	TLS certificate errors will be ignored for this session
1615414152003	Marionette	INFO	Stopped listening on port 62067
1615420750816	geckodriver	INFO	Listening on 127.0.0.1:56028
1615420753867	mozrunner::runner	INFO	Running command: "C:\\Program Files\\Mozilla Firefox\\firefox.exe" "--marionette" "-foreground" "-no-remote" "-profile" "C:\\Users\\VIETAN~1\\AppData\\Local\\Temp\\rust_mozprofileUPLn6N"
*** You are running in headless mode.
console.warn: SearchSettings: "get: No settings file exists, new profile?" (new Error("", "(unknown module)"))
1615420755570	Marionette	INFO	Listening on port 56039
1615420755890	Marionette	WARN	TLS certificate errors will be ignored for this session
1615420802995	geckodriver	INFO	Listening on 127.0.0.1:56163
1615420806041	mozrunner::runner	INFO	Running command: "C:\\Program Files\\Mozilla Firefox\\firefox.exe" "--marionette" "-foreground" "-no-remote" "-profile" "C:\\Users\\VIETAN~1\\AppData\\Local\\Temp\\rust_mozprofile0yFVIn"
console.warn: SearchSettings: "get: No settings file exists, new profile?" (new Error("", "(unknown module)"))
1615420808746	Marionette	INFO	Listening on port 56172
1615420809170	Marionette	WARN	TLS certificate errors will be ignored for this session
1615421072396	geckodriver	INFO	Listening on 127.0.0.1:56427
1615421075441	mozrunner::runner	INFO	Running command: "C:\\Program Files\\Mozilla Firefox\\firefox.exe" "--marionette" "-foreground" "-no-remote" "-profile" "C:\\Users\\VIETAN~1\\AppData\\Local\\Temp\\rust_mozprofile5uleiA"
*** You are running in headless mode.
console.warn: SearchSettings: "get: No settings file exists, new profile?" (new Error("", "(unknown module)"))
1615421077347	Marionette	INFO	Listening on port 56436
1615421077469	Marionette	WARN	TLS certificate errors will be ignored for this session
1615421090056	Marionette	INFO	Stopped listening on port 56436

###!!! [Child][MessageChannel] Error: (msgtype=0x5B0004,name=PHttpChannel::Msg_Cancel) Channel closing: too late to send/recv, messages will be lost

1615421157713	geckodriver	INFO	Listening on 127.0.0.1:56564
1615421160761	mozrunner::runner	INFO	Running command: "C:\\Program Files\\Mozilla Firefox\\firefox.exe" "--marionette" "-foreground" "-no-remote" "-profile" "C:\\Users\\VIETAN~1\\AppData\\Local\\Temp\\rust_mozprofileaaCyZt"
*** You are running in headless mode.
console.warn: SearchSettings: "get: No settings file exists, new profile?" (new Error("", "(unknown module)"))
1615421162645	Marionette	INFO	Listening on port 56572
1615421162785	Marionette	WARN	TLS certificate errors will be ignored for this session
console.log: WebExtensions: reset-default-search: No addons in our list are installed.
JavaScript error: , line 0: NS_ERROR_NOT_AVAILABLE
a Firefox\\firefox.exe" "--marionette" "-foreground" "-no-remote" "-profile" "C:\\Users\\VIETAN~1\\AppData\\Local\\Temp\\rust_mozprofileTv7XiY"
*** You are running in headless mode.
console.warn: SearchSettings: "get: No settings file exists, new profile?" (new Error("", "(unknown module)"))
1615421410780	Marionette	INFO	Listening on port 56825
1615421411135	Marionette	WARN	TLS certificate errors will be ignored for this session
1615421424136	Marionette	INFO	Stopped listening on port 56825
[Parent 24108, IPC I/O Parent] WARNING: file /builds/worker/checkouts/gecko/ipc/chromium/src/base/process_util_win.cc:167
1615421501294	geckodriver	INFO	Listening on 127.0.0.1:56975
1615421504333	mozrunner::runner	INFO	Running command: "C:\\Program Files\\Mozilla Firefox\\firefox.exe" "--marionette" "-foreground" "-no-remote" "-profile" "C:\\Users\\VIETAN~1\\AppData\\Local\\Temp\\rust_mozprofileVbbbL5"
*** You are running in headless mode.
console.warn: SearchSettings: "get: No settings file exists, new profile?" (new Error("", "(unknown module)"))
1615421506035	Marionette	INFO	Listening on port 56984
1615421506359	Marionette	WARN	TLS certificate errors will be ignored for this session
1615421511177	Marionette	INFO	Stopped listening on port 56984
1615421536960	geckodriver	INFO	Listening on 127.0.0.1:57110
1615421539997	mozrunner::runner	INFO	Running command: "C:\\Program Files\\Mozilla Firefox\\firefox.exe" "--marionette" "-foreground" "-no-remote" "-profile" "C:\\Users\\VIETAN~1\\AppData\\Local\\Temp\\rust_mozprofileQHDyjg"
*** You are running in headless mode.
console.warn: SearchSettings: "get: No settings file exists, new profile?" (new Error("", "(unknown module)"))
1615421541729	Marionette	INFO	Listening on port 57119
1615421542022	Marionette	WARN	TLS certificate errors will be ignored for this session
1615421545884	Marionette	INFO	Stopped listening on port 57119
1615422630450	geckodriver	INFO	Listening on 127.0.0.1:62196
1615422633489	mozrunner::runner	INFO	Running command: "C:\\Program Files\\Mozilla Firefox\\firefox.exe" "--marionette" "-foreground" "-no-remote" "-profile" "C:\\Users\\VIETAN~1\\AppData\\Local\\Temp\\rust_mozprofile4ABWAZ"
*** You are running in headless mode.
console.warn: SearchSettings: "get: No settings file exists, new profile?" (new Error("", "(unknown module)"))
1615422635146	Marionette	INFO	Listening on port 62205
1615422635510	Marionette	WARN	TLS certificate errors will be ignored for this session
1615422639812	Marionette	INFO	Stopped listening on port 62205

###!!! [Child][MessageChannel] Error: (msgtype=0x5B0009,name=PHttpChannel::Msg_DeletingChannel) Channel closing: too late to send/recv, messages will be lost

1615423341827	geckodriver	INFO	Listening on 127.0.0.1:50395
1615423344872	mozrunner::runner	INFO	Running command: "C:\\Program Files\\Mozilla Firefox\\firefox.exe" "--marionette" "-foreground" "-no-remote" "-profile" "C:\\Users\\VIETAN~1\\AppData\\Local\\Temp\\rust_mozprofiledqk0Mh"
*** You are running in headless mode.
console.warn: SearchSettings: "get: No settings file exists, new profile?" (new Error("", "(unknown module)"))
1615423346749	Marionette	INFO	Listening on port 50404
1615423346897	Marionette	WARN	TLS certificate errors will be ignored for this session
1615423351740	Marionette	INFO	Stopped listening on port 50404
1615423824736	geckodriver	INFO	Listening on 127.0.0.1:50777
1615423827780	mozrunner::runner	INFO	Running command: "C:\\Program Files\\Mozilla Firefox\\firefox.exe" "--marionette" "-foreground" "-no-remote" "-profile" "C:\\Users\\VIETAN~1\\AppData\\Local\\Temp\\rust_mozprofileAaxsTm"
*** You are running in headless mode.
console.warn: SearchSettings: "get: No settings file exists, new profile?" (new Error("", "(unknown module)"))
1615423829608	Marionette	INFO	Listening on port 50785
1615423829809	Marionette	WARN	TLS certificate errors will be ignored for this session
1615423833778	Marionette	INFO	Stopped listening on port 50785

###!!! [Child][MessageChannel] Error: (msgtype=0x6B0027,name=PNecko::Msg_RemoveRequestContext) Channel closing: too late to send/recv, messages will be lost

1615423859512	geckodriver	INFO	Listening on 127.0.0.1:50900
1615423862546	mozrunner::runner	INFO	Running command: "C:\\Program Files\\Mozilla Firefox\\firefox.exe" "--marionette" "-foreground" "-no-remote" "-profile" "C:\\Users\\VIETAN~1\\AppData\\Local\\Temp\\rust_mozprofilei2on3r"
*** You are running in headless mode.
console.warn: SearchSettings: "get: No settings file exists, new profile?" (new Error("", "(unknown module)"))
1615423864212	Marionette	INFO	Listening on port 50910
1615423864570	Marionette	WARN	TLS certificate errors will be ignored for this session
1615423868299	Marionette	INFO	Stopped listening on port 50910
1615424531649	geckodriver	INFO	Listening on 127.0.0.1:51404
1615424534695	mozrunner::runner	INFO	Running command: "C:\\Program Files\\Mozilla Firefox\\firefox.exe" "--marionette" "-foreground" "-no-remote" "-profile" "C:\\Users\\VIETAN~1\\AppData\\Local\\Temp\\rust_mozprofileoKHG99"
*** You are running in headless mode.
console.warn: SearchSettings: "get: No settings file exists, new profile?" (new Error("", "(unknown module)"))
1615424536397	Marionette	INFO	Listening on port 51416
1615424536723	Marionette	WARN	TLS certificate errors will be ignored for this session
1615424540914	Marionette	INFO	Stopped listening on port 51416
1615424640580	geckodriver	INFO	Listening on 127.0.0.1:51572
1615424643607	mozrunner::runner	INFO	Running command: "C:\\Program Files\\Mozilla Firefox\\firefox.exe" "--marionette" "-foreground" "-no-remote" "-profile" "C:\\Users\\VIETAN~1\\AppData\\Local\\Temp\\rust_mozprofilexmueDO"
*** You are running in headless mode.
console.warn: SearchSettings: "get: No settings file exists, new profile?" (new Error("", "(unknown module)"))
1615424645303	Marionette	INFO	Listening on port 51583
1615424645634	Marionette	WARN	TLS certificate errors will be ignored for this session
1615424649538	Marionette	INFO	Stopped listening on port 51583
1615425060587	geckodriver	INFO	Listening on 127.0.0.1:51952
1615425063633	mozrunner::runner	INFO	Running command: "C:\\Program Files\\Mozilla Firefox\\firefox.exe" "--marionette" "-foreground" "-no-remote" "-profile" "C:\\Users\\VIETAN~1\\AppData\\Local\\Temp\\rust_mozprofilebUlyU5"
*** You are running in headless mode.
console.warn: SearchSettings: "get: No settings file exists, new profile?" (new Error("", "(unknown module)"))
1615425065296	Marionette	INFO	Listening on port 51960
1615425065655	Marionette	WARN	TLS certificate errors will be ignored for this session
1615425069568	Marionette	INFO	Stopped listening on port 51960
1615497077415	geckodriver	INFO	Listening on 127.0.0.1:58527
1615497080431	mozrunner::runner	INFO	Running command: "C:\\Program Files\\Mozilla Firefox\\firefox.exe" "--marionette" "-foreground" "-no-remote" "-profile" "C:\\Users\\VIETAN~1\\AppData\\Local\\Temp\\rust_mozprofileROz0wX"
*** You are running in headless mode.
console.warn: SearchSettings: "get: No settings file exists, new profile?" (new Error("", "(unknown module)"))
1615497082182	Marionette	INFO	Listening on port 58536
1615497082458	Marionette	WARN	TLS certificate errors will be ignored for this session
1615497087466	Marionette	INFO	Stopped listening on port 58536
1615497887698	geckodriver	INFO	Listening on 127.0.0.1:59081
1615497890746	mozrunner::runner	INFO	Running command: "C:\\Program Files\\Mozilla Firefox\\firefox.exe" "--marionette" "-foreground" "-no-remote" "-profile" "C:\\Users\\VIETAN~1\\AppData\\Local\\Temp\\rust_mozprofilebgMuWy"
*** You are running in headless mode.
console.warn: SearchSettings: "get: No settings file exists, new profile?" (new Error("", "(unknown module)"))
1615497892528	Marionette	INFO	Listening on port 59090
1615497892776	Marionette	WARN	TLS certificate errors will be ignored for this session
1615497897370	Marionette	INFO	Stopped listening on port 59090
1615498026751	geckodriver	INFO	Listening on 127.0.0.1:59261
1615498029795	mozrunner::runner	INFO	Running command: "C:\\Program Files\\Mozilla Firefox\\firefox.exe" "--marionette" "-foreground" "-no-remote" "-profile" "C:\\Users\\VIETAN~1\\AppData\\Local\\Temp\\rust_mozprofileunUJjh"
*** You are running in headless mode.
console.warn: SearchSettings: "get: No settings file exists, new profile?" (new Error("", "(unknown module)"))
1615498031549	Marionette	INFO	Listening on port 59270
1615498031818	Marionette	WARN	TLS certificate errors will be ignored for this session
1615498035616	Marionette	INFO	Stopped listening on port 59270
