[INFO  - 2021-03-10T22:05:17.509Z] GhostDriver - Main - running on port 61725
[INFO  - 2021-03-10T22:05:21.996Z] Session [b55bf660-81ec-11eb-a477-6b98f3c6f1f7] - page.settings - {"XSSAuditingEnabled":false,"javascriptCanCloseWindows":true,"javascriptCanOpenWindows":true,"javascriptEnabled":true,"loadImages":true,"localToRemoteUrlAccessEnabled":false,"userAgent":"Mozilla/5.0 (Windows NT 6.2; WOW64) AppleWebKit/538.1 (KHTML, like Gecko) PhantomJS/2.1.1 Safari/538.1","webSecurityEnabled":true}
[INFO  - 2021-03-10T22:05:21.996Z] Session [b55bf660-81ec-11eb-a477-6b98f3c6f1f7] - page.customHeaders:  - {}
[INFO  - 2021-03-10T22:05:21.997Z] Session [b55bf660-81ec-11eb-a477-6b98f3c6f1f7] - Session.negotiatedCapabilities - {"browserName":"phantomjs","version":"2.1.1","driverName":"ghostdriver","driverVersion":"1.2.0","platform":"windows-10-32bit","javascriptEnabled":true,"takesScreenshot":true,"handlesAlerts":false,"databaseEnabled":false,"locationContextEnabled":false,"applicationCacheEnabled":false,"browserConnectionEnabled":false,"cssSelectorsEnabled":true,"webStorageEnabled":false,"rotatable":false,"acceptSslCerts":false,"nativeEvents":true,"proxy":{"proxyType":"direct"}}
[INFO  - 2021-03-10T22:05:21.997Z] SessionManagerReqHand - _postNewSessionCommand - New Session Created: b55bf660-81ec-11eb-a477-6b98f3c6f1f7
[ERROR - 2021-03-10T22:05:23.307Z] Session [b55bf660-81ec-11eb-a477-6b98f3c6f1f7] - page.onError - msg: ReferenceError: Can't find variable: Intl

  phantomjs://platform/console++.js:263 in error
[ERROR - 2021-03-10T22:05:23.307Z] Session [b55bf660-81ec-11eb-a477-6b98f3c6f1f7] - page.onError - stack:
  (anonymous function) (https://www.flaschenpost.de/js/fp.bundle.min.js?v=gJypFSKJbEU-Lis0TS9jW5OOoEBTkckZHxGINSY5-b4:1)

  phantomjs://platform/console++.js:263 in error
[ERROR - 2021-03-10T22:05:23.431Z] Session [b55bf660-81ec-11eb-a477-6b98f3c6f1f7] - page.onError - msg: Unhandled promise rejection TypeError: Network request failed

  phantomjs://platform/console++.js:263 in error
[ERROR - 2021-03-10T22:05:23.431Z] Session [b55bf660-81ec-11eb-a477-6b98f3c6f1f7] - page.onError - stack:
  (anonymous function) (https://app.usercentrics.eu/browser-ui/1.3.5/bundle_legacy.js:1)

  phantomjs://platform/console++.js:263 in error
[ERROR - 2021-03-10T22:05:26.486Z] Session [b55bf660-81ec-11eb-a477-6b98f3c6f1f7] - page.onError - msg: TypeError: undefined is not an object (evaluating 'FPSHOP.zipCode')

  phantomjs://platform/console++.js:263 in error
[ERROR - 2021-03-10T22:05:26.486Z] Session [b55bf660-81ec-11eb-a477-6b98f3c6f1f7] - page.onError - stack:
  oninput (https://www.flaschenpost.de/aera/aerastill:815)
  sendEvent (:0)
  _keyEvent (phantomjs://code/inputs.js:325)
  _pressKey (phantomjs://code/inputs.js:280)
  _sendKeys (phantomjs://code/inputs.js:237)
  _postValueCommand (phantomjs://code/webelement_request_handler.js:288)
  _handle (phantomjs://code/webelement_request_handler.js:72)
  _reroute (phantomjs://code/request_handler.js:61)
  _handle (phantomjs://code/session_request_handler.js:120)
  _reroute (phantomjs://code/request_handler.js:61)
  _handle (phantomjs://code/router_request_handler.js:78)

  phantomjs://platform/console++.js:263 in error
[ERROR - 2021-03-10T22:05:26.488Z] Session [b55bf660-81ec-11eb-a477-6b98f3c6f1f7] - page.onError - msg: TypeError: undefined is not an object (evaluating 'FPSHOP.zipCode')

  phantomjs://platform/console++.js:263 in error
[ERROR - 2021-03-10T22:05:26.488Z] Session [b55bf660-81ec-11eb-a477-6b98f3c6f1f7] - page.onError - stack:
  oninput (https://www.flaschenpost.de/aera/aerastill:815)
  sendEvent (:0)
  _keyEvent (phantomjs://code/inputs.js:325)
  _pressKey (phantomjs://code/inputs.js:280)
  _sendKeys (phantomjs://code/inputs.js:237)
  _postValueCommand (phantomjs://code/webelement_request_handler.js:288)
  _handle (phantomjs://code/webelement_request_handler.js:72)
  _reroute (phantomjs://code/request_handler.js:61)
  _handle (phantomjs://code/session_request_handler.js:120)
  _reroute (phantomjs://code/request_handler.js:61)
  _handle (phantomjs://code/router_request_handler.js:78)

  phantomjs://platform/console++.js:263 in error
[ERROR - 2021-03-10T22:05:26.490Z] Session [b55bf660-81ec-11eb-a477-6b98f3c6f1f7] - page.onError - msg: TypeError: undefined is not an object (evaluating 'FPSHOP.zipCode')

  phantomjs://platform/console++.js:263 in error
[ERROR - 2021-03-10T22:05:26.490Z] Session [b55bf660-81ec-11eb-a477-6b98f3c6f1f7] - page.onError - stack:
  oninput (https://www.flaschenpost.de/aera/aerastill:815)
  sendEvent (:0)
  _keyEvent (phantomjs://code/inputs.js:325)
  _pressKey (phantomjs://code/inputs.js:280)
  _sendKeys (phantomjs://code/inputs.js:237)
  _postValueCommand (phantomjs://code/webelement_request_handler.js:288)
  _handle (phantomjs://code/webelement_request_handler.js:72)
  _reroute (phantomjs://code/request_handler.js:61)
  _handle (phantomjs://code/session_request_handler.js:120)
  _reroute (phantomjs://code/request_handler.js:61)
  _handle (phantomjs://code/router_request_handler.js:78)

  phantomjs://platform/console++.js:263 in error
[ERROR - 2021-03-10T22:05:26.491Z] Session [b55bf660-81ec-11eb-a477-6b98f3c6f1f7] - page.onError - msg: TypeError: undefined is not an object (evaluating 'FPSHOP.zipCode')

  phantomjs://platform/console++.js:263 in error
[ERROR - 2021-03-10T22:05:26.491Z] Session [b55bf660-81ec-11eb-a477-6b98f3c6f1f7] - page.onError - stack:
  oninput (https://www.flaschenpost.de/aera/aerastill:815)
  sendEvent (:0)
  _keyEvent (phantomjs://code/inputs.js:325)
  _pressKey (phantomjs://code/inputs.js:280)
  _sendKeys (phantomjs://code/inputs.js:237)
  _postValueCommand (phantomjs://code/webelement_request_handler.js:288)
  _handle (phantomjs://code/webelement_request_handler.js:72)
  _reroute (phantomjs://code/request_handler.js:61)
  _handle (phantomjs://code/session_request_handler.js:120)
  _reroute (phantomjs://code/request_handler.js:61)
  _handle (phantomjs://code/router_request_handler.js:78)

  phantomjs://platform/console++.js:263 in error
[ERROR - 2021-03-10T22:05:26.492Z] Session [b55bf660-81ec-11eb-a477-6b98f3c6f1f7] - page.onError - msg: TypeError: undefined is not an object (evaluating 'FPSHOP.zipCode')

  phantomjs://platform/console++.js:263 in error
[ERROR - 2021-03-10T22:05:26.492Z] Session [b55bf660-81ec-11eb-a477-6b98f3c6f1f7] - page.onError - stack:
  oninput (https://www.flaschenpost.de/aera/aerastill:815)
  sendEvent (:0)
  _keyEvent (phantomjs://code/inputs.js:325)
  _pressKey (phantomjs://code/inputs.js:280)
  _sendKeys (phantomjs://code/inputs.js:237)
  _postValueCommand (phantomjs://code/webelement_request_handler.js:288)
  _handle (phantomjs://code/webelement_request_handler.js:72)
  _reroute (phantomjs://code/request_handler.js:61)
  _handle (phantomjs://code/session_request_handler.js:120)
  _reroute (phantomjs://code/request_handler.js:61)
  _handle (phantomjs://code/router_request_handler.js:78)

  phantomjs://platform/console++.js:263 in error
[ERROR - 2021-03-10T22:05:26.534Z] Session [b55bf660-81ec-11eb-a477-6b98f3c6f1f7] - page.onError - msg: TypeError: undefined is not a constructor (evaluating 'UCAcceptAllZipModal(false)')

  phantomjs://platform/console++.js:263 in error
[ERROR - 2021-03-10T22:05:26.534Z] Session [b55bf660-81ec-11eb-a477-6b98f3c6f1f7] - page.onError - stack:
  onclick (https://www.flaschenpost.de/aera/aerastill:822)
  dispatchEvent (:0)
  U (:119)
  $ (:108)
  $ (:101)
  gh (:141)
  sh (:152)
  (anonymous function) (:152)
  (anonymous function) (:152)
  (anonymous function) (:153)

  phantomjs://platform/console++.js:263 in error
[ERROR - 2021-03-10T22:05:26.546Z] Session [b55bf660-81ec-11eb-a477-6b98f3c6f1f7] - page.onError - msg: TypeError: undefined is not an object (evaluating 'FPSHOP.zipCode')

  phantomjs://platform/console++.js:263 in error
[ERROR - 2021-03-10T22:05:26.546Z] Session [b55bf660-81ec-11eb-a477-6b98f3c6f1f7] - page.onError - stack:
  anonymous (undefined:1)
  beforeSend (https://cdnjs.cloudflare.com/ajax/libs/jquery-ajax-unobtrusive/3.2.6/jquery.unobtrusive-ajax.min.js:16)
  ajax (https://cdnjs.cloudflare.com/ajax/libs/jquery/3.5.1/jquery.min.js:2)
  i (https://cdnjs.cloudflare.com/ajax/libs/jquery-ajax-unobtrusive/3.2.6/jquery.unobtrusive-ajax.min.js:16)
  (anonymous function) (https://cdnjs.cloudflare.com/ajax/libs/jquery-ajax-unobtrusive/3.2.6/jquery.unobtrusive-ajax.min.js:16)
  dispatch (https://cdnjs.cloudflare.com/ajax/libs/jquery/3.5.1/jquery.min.js:2)
  handle (https://cdnjs.cloudflare.com/ajax/libs/jquery/3.5.1/jquery.min.js:2)
  dispatchEvent (:0)
  U (:119)
  $ (:108)
  $ (:101)
  gh (:141)
  sh (:152)
  (anonymous function) (:152)
  (anonymous function) (:152)
  (anonymous function) (:153)

  phantomjs://platform/console++.js:263 in error
[ERROR - 2021-03-10T22:05:26.812Z] WebElementLocator - _handleLocateCommand - Element(s) NOT Found: GAVE UP. Search Stop Time: 1615413926761

  phantomjs://platform/console++.js:263 in error
[ERROR - 2021-03-10T22:05:27.700Z] WebElementLocator - _handleLocateCommand - Element(s) NOT Found: GAVE UP. Search Stop Time: 1615413927646

  phantomjs://platform/console++.js:263 in error
[ERROR - 2021-03-10T22:05:28.575Z] WebElementLocator - _handleLocateCommand - Element(s) NOT Found: GAVE UP. Search Stop Time: 1615413928524

  phantomjs://platform/console++.js:263 in error
[ERROR - 2021-03-10T22:05:29.450Z] WebElementLocator - _handleLocateCommand - Element(s) NOT Found: GAVE UP. Search Stop Time: 1615413929400

  phantomjs://platform/console++.js:263 in error
[ERROR - 2021-03-10T22:05:30.342Z] WebElementLocator - _handleLocateCommand - Element(s) NOT Found: GAVE UP. Search Stop Time: 1615413930284

  phantomjs://platform/console++.js:263 in error
[ERROR - 2021-03-10T22:05:31.216Z] WebElementLocator - _handleLocateCommand - Element(s) NOT Found: GAVE UP. Search Stop Time: 1615413931174

  phantomjs://platform/console++.js:263 in error
[ERROR - 2021-03-10T22:05:32.091Z] WebElementLocator - _handleLocateCommand - Element(s) NOT Found: GAVE UP. Search Stop Time: 1615413932038

  phantomjs://platform/console++.js:263 in error
[ERROR - 2021-03-10T22:05:32.982Z] WebElementLocator - _handleLocateCommand - Element(s) NOT Found: GAVE UP. Search Stop Time: 1615413932928

  phantomjs://platform/console++.js:263 in error
[ERROR - 2021-03-10T22:05:33.873Z] WebElementLocator - _handleLocateCommand - Element(s) NOT Found: GAVE UP. Search Stop Time: 1615413933820

  phantomjs://platform/console++.js:263 in error
[ERROR - 2021-03-10T22:05:34.764Z] WebElementLocator - _handleLocateCommand - Element(s) NOT Found: GAVE UP. Search Stop Time: 1615413934711

  phantomjs://platform/console++.js:263 in error
[ERROR - 2021-03-10T22:05:35.640Z] WebElementLocator - _handleLocateCommand - Element(s) NOT Found: GAVE UP. Search Stop Time: 1615413935591

  phantomjs://platform/console++.js:263 in error
[ERROR - 2021-03-10T22:05:36.528Z] WebElementLocator - _handleLocateCommand - Element(s) NOT Found: GAVE UP. Search Stop Time: 1615413936478

  phantomjs://platform/console++.js:263 in error
